<?xml version="1.0" encoding="utf-8"?><testsuites name="pytest tests"><testsuite name="pytest" errors="0" failures="0" skipped="0" tests="6" time="1.426" timestamp="2026-08-14T23:07:09.185413+00:00" hostname="agent-env-cadebc7b-d0ef-412d-8428-dea857544456"><testcase classname="tests.test_align_center_iter3" name="test_auth_me_ok" time="0.381" /><testcase classname="tests.test_align_center_iter3" name="test_profile_patch_onboarding" time="0.142" /><testcase classname="tests.test_align_center_iter3" name="test_manifestation_persisted_via_active" time="0.254" /><testcase classname="tests.test_align_center_iter3" name="test_notification_response_increments_score" time="0.370" /><testcase classname="tests.test_align_center_iter3" name="test_community_wall_free" time="0.110" /><testcase classname="tests.test_align_center_iter3" name="test_admin_login_ok" time="0.113" /></testsuite></testsuites>