<?xml version="1.0" encoding="utf-8"?><testsuites name="pytest tests"><testsuite name="pytest" errors="0" failures="0" skipped="0" tests="6" time="0.936" timestamp="2026-08-14T23:39:07.896165+00:00" hostname="agent-env-cadebc7b-d0ef-412d-8428-dea857544456"><testcase classname="tests.test_bug_fix_iter4.TestAuth" name="test_auth_me" time="0.520" /><testcase classname="tests.test_bug_fix_iter4.TestAuth" name="test_invalid_token_rejected" time="0.059" /><testcase classname="tests.test_bug_fix_iter4.TestProfileAndManifestation" name="test_patch_profile_deity_and_onboarding" time="0.061" /><testcase classname="tests.test_bug_fix_iter4.TestProfileAndManifestation" name="test_create_and_get_active_manifestation" time="0.121" /><testcase classname="tests.test_bug_fix_iter4.TestAdmin" name="test_admin_login_password" time="0.057" /><testcase classname="tests.test_bug_fix_iter4.TestAdmin" name="test_admin_login_wrong_password" time="0.064" /></testsuite></testsuites>