<?xml version="1.0" encoding="utf-8"?><testsuites name="pytest tests"><testsuite name="pytest" errors="0" failures="0" skipped="0" tests="10" time="3.003" timestamp="2026-08-14T21:52:08.937124+00:00" hostname="agent-env-cadebc7b-d0ef-412d-8428-dea857544456"><testcase classname="tests.test_ui_overhaul_admin_v9" name="test_admin_login_wrong_password" time="0.321" /><testcase classname="tests.test_ui_overhaul_admin_v9" name="test_admin_stats" time="0.135" /><testcase classname="tests.test_ui_overhaul_admin_v9" name="test_admin_users_list" time="0.129" /><testcase classname="tests.test_ui_overhaul_admin_v9" name="test_admin_tickets_list_excludes_mtree_dev" time="0.187" /><testcase classname="tests.test_ui_overhaul_admin_v9" name="test_admin_config_get_and_patch_roundtrip" time="0.192" /><testcase classname="tests.test_ui_overhaul_admin_v9" name="test_user_token_rejected_on_admin" time="0.262" /><testcase classname="tests.test_ui_overhaul_admin_v9" name="test_app_config_community_free" time="0.066" /><testcase classname="tests.test_ui_overhaul_admin_v9" name="test_community_wall_free_for_non_premium" time="0.068" /><testcase classname="tests.test_ui_overhaul_admin_v9" name="test_full_user_flow" time="0.663" /><testcase classname="tests.test_ui_overhaul_admin_v9" name="test_admin_dashboard_html_served" time="0.075" /></testsuite></testsuites>