<?xml version="1.0" encoding="utf-8"?><testsuites name="pytest tests"><testsuite name="pytest" errors="0" failures="0" skipped="0" tests="6" time="1.144" timestamp="2026-08-14T22:45:08.813423+00:00" hostname="agent-env-cadebc7b-d0ef-412d-8428-dea857544456"><testcase classname="tests.test_ui_overhaul_v10.TestBasicEndpoints" name="test_auth_me" time="0.300" /><testcase classname="tests.test_ui_overhaul_v10.TestBasicEndpoints" name="test_app_config" time="0.103" /><testcase classname="tests.test_ui_overhaul_v10.TestBasicEndpoints" name="test_community_wall_free" time="0.122" /><testcase classname="tests.test_ui_overhaul_v10.TestManifestationFlow" name="test_profile_patch_and_create_manifestation" time="0.233" /><testcase classname="tests.test_ui_overhaul_v10.TestManifestationFlow" name="test_active_manifestation" time="0.125" /><testcase classname="tests.test_ui_overhaul_v10.TestAdmin" name="test_admin_login_and_stats" time="0.204" /></testsuite></testsuites>